# JRE version: Java(TM) SE Runtime Environment (8.0_45-b14) (build 1.8.0_45-b14)
# Java VM: Java HotSpot(TM) 64-Bit Server VM (25.45-b02 mixed mode bsd-amd64 compressed oops)
Heap:
 PSYoungGen      total 36352K, used 27778K [0x000000076ab00000, 0x000000076d400000, 0x00000007c0000000)
  eden space 30720K, 90% used [0x000000076ab00000,0x000000076c600ab8,0x000000076c900000)
  from space 5632K, 2% used [0x000000076c900000,0x000000076c920000,0x000000076ce80000)
  to   space 5632K, 0% used [0x000000076ce80000,0x000000076ce80000,0x000000076d400000)
 ParOldGen       total 175104K, used 3322K [0x00000006c0000000, 0x00000006cab00000, 0x000000076ab00000)
  object space 175104K, 1% used [0x00000006c0000000,0x00000006c033ea38,0x00000006cab00000)
 Metaspace       used 12905K, capacity 13118K, committed 13184K, reserved 1060864K
  class space    used 1579K, capacity 1661K, committed 1664K, reserved 1048576K
GC Heap History (10 events):
Event: 45.575 GC heap before
{Heap before GC invocations=63 (full 0):
 PSYoungGen      total 36352K, used 33137K [0x000000076ab00000, 0x000000076d400000, 0x00000007c0000000)
  eden space 30720K, 98% used [0x000000076ab00000,0x000000076c8995b8,0x000000076c900000)
  from space 5632K, 50% used [0x000000076ce80000,0x000000076d143048,0x000000076d400000)
  to   space 5632K, 0% used [0x000000076c900000,0x000000076c900000,0x000000076ce80000)
 ParOldGen       total 175104K, used 3250K [0x00000006c0000000, 0x00000006cab00000, 0x000000076ab00000)
  object space 175104K, 1% used [0x00000006c0000000,0x00000006c032ca38,0x00000006cab00000)
 Metaspace       used 12785K, capacity 12958K, committed 13184K, reserved 1060864K
  class space    used 1572K, capacity 1629K, committed 1664K, reserved 1048576K
Event: 45.575 GC heap after
Heap after GC invocations=63 (full 0):
 PSYoungGen      total 36352K, used 160K [0x000000076ab00000, 0x000000076d400000, 0x00000007c0000000)
  eden space 30720K, 0% used [0x000000076ab00000,0x000000076ab00000,0x000000076c900000)
  from space 5632K, 2% used [0x000000076c900000,0x000000076c928000,0x000000076ce80000)
  to   space 5632K, 0% used [0x000000076ce80000,0x000000076ce80000,0x000000076d400000)
 ParOldGen       total 175104K, used 3266K [0x00000006c0000000, 0x00000006cab00000, 0x000000076ab00000)
  object space 175104K, 1% used [0x00000006c0000000,0x00000006c0330a38,0x00000006cab00000)
 Metaspace       used 12785K, capacity 12958K, committed 13184K, reserved 1060864K
  class space    used 1572K, capacity 1629K, committed 1664K, reserved 1048576K
}
Event: 45.982 GC heap before
{Heap before GC invocations=64 (full 0):
 PSYoungGen      total 36352K, used 30484K [0x000000076ab00000, 0x000000076d400000, 0x00000007c0000000)
  eden space 30720K, 98% used [0x000000076ab00000,0x000000076c89d250,0x000000076c900000)
  from space 5632K, 2% used [0x000000076c900000,0x000000076c928000,0x000000076ce80000)
  to   space 5632K, 0% used [0x000000076ce80000,0x000000076ce80000,0x000000076d400000)
 ParOldGen       total 175104K, used 3266K [0x00000006c0000000, 0x00000006cab00000, 0x000000076ab00000)
  object space 175104K, 1% used [0x00000006c0000000,0x00000006c0330a38,0x00000006cab00000)
 Metaspace       used 12785K, capacity 12958K, committed 13184K, reserved 1060864K
  class space    used 1572K, capacity 1629K, committed 1664K, reserved 1048576K
Event: 45.983 GC heap after
Heap after GC invocations=64 (full 0):
 PSYoungGen      total 36352K, used 2860K [0x000000076ab00000, 0x000000076d400000, 0x00000007c0000000)
  eden space 30720K, 0% used [0x000000076ab00000,0x000000076ab00000,0x000000076c900000)
  from space 5632K, 50% used [0x000000076ce80000,0x000000076d14b048,0x000000076d400000)
  to   space 5632K, 0% used [0x000000076c900000,0x000000076c900000,0x000000076ce80000)
 ParOldGen       total 175104K, used 3274K [0x00000006c0000000, 0x00000006cab00000, 0x000000076ab00000)
  object space 175104K, 1% used [0x00000006c0000000,0x00000006c0332a38,0x00000006cab00000)
 Metaspace       used 12785K, capacity 12958K, committed 13184K, reserved 1060864K
  class space    used 1572K, capacity 1629K, committed 1664K, reserved 1048576K
}
Event: 46.490 GC heap before
{Heap before GC invocations=65 (full 0):
 PSYoungGen      total 36352K, used 33197K [0x000000076ab00000, 0x000000076d400000, 0x00000007c0000000)
  eden space 30720K, 98% used [0x000000076ab00000,0x000000076c8a05a8,0x000000076c900000)
  from space 5632K, 50% used [0x000000076ce80000,0x000000076d14b048,0x000000076d400000)
  to   space 5632K, 0% used [0x000000076c900000,0x000000076c900000,0x000000076ce80000)
 ParOldGen       total 175104K, used 3274K [0x00000006c0000000, 0x00000006cab00000, 0x000000076ab00000)
  object space 175104K, 1% used [0x00000006c0000000,0x00000006c0332a38,0x00000006cab00000)
 Metaspace       used 12807K, capacity 13022K, committed 13184K, reserved 1060864K
  class space    used 1572K, capacity 1629K, committed 1664K, reserved 1048576K
Event: 46.491 GC heap after
Heap after GC invocations=65 (full 0):
 PSYoungGen      total 36352K, used 96K [0x000000076ab00000, 0x000000076d400000, 0x00000007c0000000)
  eden space 30720K, 0% used [0x000000076ab00000,0x000000076ab00000,0x000000076c900000)
  from space 5632K, 1% used [0x000000076c900000,0x000000076c918000,0x000000076ce80000)
  to   space 5632K, 0% used [0x000000076ce80000,0x000000076ce80000,0x000000076d400000)
 ParOldGen       total 175104K, used 3290K [0x00000006c0000000, 0x00000006cab00000, 0x000000076ab00000)
  object space 175104K, 1% used [0x00000006c0000000,0x00000006c0336a38,0x00000006cab00000)
 Metaspace       used 12807K, capacity 13022K, committed 13184K, reserved 1060864K
  class space    used 1572K, capacity 1629K, committed 1664K, reserved 1048576K
}
Event: 46.909 GC heap before
{Heap before GC invocations=66 (full 0):
 PSYoungGen      total 36352K, used 30399K [0x000000076ab00000, 0x000000076d400000, 0x00000007c0000000)
  eden space 30720K, 98% used [0x000000076ab00000,0x000000076c897fd8,0x000000076c900000)
  from space 5632K, 1% used [0x000000076c900000,0x000000076c918000,0x000000076ce80000)
  to   space 5632K, 0% used [0x000000076ce80000,0x000000076ce80000,0x000000076d400000)
 ParOldGen       total 175104K, used 3290K [0x00000006c0000000, 0x00000006cab00000, 0x000000076ab00000)
  object space 175104K, 1% used [0x00000006c0000000,0x00000006c0336a38,0x00000006cab00000)
 Metaspace       used 12807K, capacity 13022K, committed 13184K, reserved 1060864K
  class space    used 1572K, capacity 1629K, committed 1664K, reserved 1048576K
Event: 46.910 GC heap after
Heap after GC invocations=66 (full 0):
 PSYoungGen      total 36352K, used 2860K [0x000000076ab00000, 0x000000076d400000, 0x00000007c0000000)
  eden space 30720K, 0% used [0x000000076ab00000,0x000000076ab00000,0x000000076c900000)
  from space 5632K, 50% used [0x000000076ce80000,0x000000076d14b048,0x000000076d400000)
  to   space 5632K, 0% used [0x000000076c900000,0x000000076c900000,0x000000076ce80000)
 ParOldGen       total 175104K, used 3314K [0x00000006c0000000, 0x00000006cab00000, 0x000000076ab00000)
  object space 175104K, 1% used [0x00000006c0000000,0x00000006c033ca38,0x00000006cab00000)
 Metaspace       used 12807K, capacity 13022K, committed 13184K, reserved 1060864K
  class space    used 1572K, capacity 1629K, committed 1664K, reserved 1048576K
}
Event: 47.406 GC heap before
{Heap before GC invocations=67 (full 0):
 PSYoungGen      total 36352K, used 33192K [0x000000076ab00000, 0x000000076d400000, 0x00000007c0000000)
  eden space 30720K, 98% used [0x000000076ab00000,0x000000076c89f358,0x000000076c900000)
  from space 5632K, 50% used [0x000000076ce80000,0x000000076d14b048,0x000000076d400000)
  to   space 5632K, 0% used [0x000000076c900000,0x000000076c900000,0x000000076ce80000)
 ParOldGen       total 175104K, used 3314K [0x00000006c0000000, 0x00000006cab00000, 0x000000076ab00000)
  object space 175104K, 1% used [0x00000006c0000000,0x00000006c033ca38,0x00000006cab00000)
 Metaspace       used 12846K, capacity 13022K, committed 13184K, reserved 1060864K
  class space    used 1572K, capacity 1629K, committed 1664K, reserved 1048576K
Event: 47.406 GC heap after
Heap after GC invocations=67 (full 0):
 PSYoungGen      total 36352K, used 128K [0x000000076ab00000, 0x000000076d400000, 0x00000007c0000000)
  eden space 30720K, 0% used [0x000000076ab00000,0x000000076ab00000,0x000000076c900000)
  from space 5632K, 2% used [0x000000076c900000,0x000000076c920000,0x000000076ce80000)
  to   space 5632K, 0% used [0x000000076ce80000,0x000000076ce80000,0x000000076d400000)
 ParOldGen       total 175104K, used 3322K [0x00000006c0000000, 0x00000006cab00000, 0x000000076ab00000)
  object space 175104K, 1% used [0x00000006c0000000,0x00000006c033ea38,0x00000006cab00000)
 Metaspace       used 12846K, capacity 13022K, committed 13184K, reserved 1060864K
  class space    used 1572K, capacity 1629K, committed 1664K, reserved 1048576K
}

