# JRE version: Java(TM) SE Runtime Environment (8.0_45-b14) (build 1.8.0_45-b14)
# Java VM: Java HotSpot(TM) 64-Bit Server VM (25.45-b02 mixed mode bsd-amd64 compressed oops)
Heap:
 PSYoungGen      total 62464K, used 45810K [0x000000076ab00000, 0x000000076f300000, 0x00000007c0000000)
  eden space 59392K, 72% used [0x000000076ab00000,0x000000076d4f9b10,0x000000076e500000)
  from space 3072K, 92% used [0x000000076e600000,0x000000076e8c3048,0x000000076e900000)
  to   space 7168K, 0% used [0x000000076ec00000,0x000000076ec00000,0x000000076f300000)
 ParOldGen       total 175104K, used 2537K [0x00000006c0000000, 0x00000006cab00000, 0x000000076ab00000)
  object space 175104K, 1% used [0x00000006c0000000,0x00000006c027a700,0x00000006cab00000)
 Metaspace       used 12536K, capacity 12736K, committed 12928K, reserved 1060864K
  class space    used 1580K, capacity 1664K, committed 1664K, reserved 1048576K
GC Heap History (10 events):
Event: 8.599 GC heap before
{Heap before GC invocations=5 (full 0):
 PSYoungGen      total 76288K, used 66559K [0x000000076ab00000, 0x0000000770000000, 0x00000007c0000000)
  eden space 65536K, 97% used [0x000000076ab00000,0x000000076e97feb8,0x000000076eb00000)
  from space 10752K, 23% used [0x000000076f580000,0x000000076f800000,0x0000000770000000)
  to   space 10752K, 0% used [0x000000076eb00000,0x000000076eb00000,0x000000076f580000)
 ParOldGen       total 175104K, used 32K [0x00000006c0000000, 0x00000006cab00000, 0x000000076ab00000)
  object space 175104K, 0% used [0x00000006c0000000,0x00000006c0008000,0x00000006cab00000)
 Metaspace       used 12445K, capacity 12632K, committed 12672K, reserved 1060864K
  class space    used 1572K, capacity 1632K, committed 1664K, reserved 1048576K
Event: 8.602 GC heap after
Heap after GC invocations=5 (full 0):
 PSYoungGen      total 69632K, used 5260K [0x000000076ab00000, 0x000000076f780000, 0x00000007c0000000)
  eden space 64000K, 0% used [0x000000076ab00000,0x000000076ab00000,0x000000076e980000)
  from space 5632K, 93% used [0x000000076eb00000,0x000000076f023068,0x000000076f080000)
  to   space 7168K, 0% used [0x000000076f080000,0x000000076f080000,0x000000076f780000)
 ParOldGen       total 175104K, used 40K [0x00000006c0000000, 0x00000006cab00000, 0x000000076ab00000)
  object space 175104K, 0% used [0x00000006c0000000,0x00000006c000a000,0x00000006cab00000)
 Metaspace       used 12445K, capacity 12632K, committed 12672K, reserved 1060864K
  class space    used 1572K, capacity 1632K, committed 1664K, reserved 1048576K
}
Event: 9.592 GC heap before
{Heap before GC invocations=6 (full 0):
 PSYoungGen      total 69632K, used 69003K [0x000000076ab00000, 0x000000076f780000, 0x00000007c0000000)
  eden space 64000K, 99% used [0x000000076ab00000,0x000000076e93fec0,0x000000076e980000)
  from space 5632K, 93% used [0x000000076eb00000,0x000000076f023068,0x000000076f080000)
  to   space 7168K, 0% used [0x000000076f080000,0x000000076f080000,0x000000076f780000)
 ParOldGen       total 175104K, used 40K [0x00000006c0000000, 0x00000006cab00000, 0x000000076ab00000)
  object space 175104K, 0% used [0x00000006c0000000,0x00000006c000a000,0x00000006cab00000)
 Metaspace       used 12462K, capacity 12640K, committed 12672K, reserved 1060864K
  class space    used 1572K, capacity 1632K, committed 1664K, reserved 1048576K
Event: 9.595 GC heap after
Heap after GC invocations=6 (full 0):
 PSYoungGen      total 68096K, used 2560K [0x000000076ab00000, 0x000000076f600000, 0x00000007c0000000)
  eden space 62464K, 0% used [0x000000076ab00000,0x000000076ab00000,0x000000076e800000)
  from space 5632K, 45% used [0x000000076f080000,0x000000076f300020,0x000000076f600000)
  to   space 7168K, 0% used [0x000000076e800000,0x000000076e800000,0x000000076ef00000)
 ParOldGen       total 175104K, used 48K [0x00000006c0000000, 0x00000006cab00000, 0x000000076ab00000)
  object space 175104K, 0% used [0x00000006c0000000,0x00000006c000c000,0x00000006cab00000)
 Metaspace       used 12462K, capacity 12640K, committed 12672K, reserved 1060864K
  class space    used 1572K, capacity 1632K, committed 1664K, reserved 1048576K
}
Event: 10.513 GC heap before
{Heap before GC invocations=7 (full 0):
 PSYoungGen      total 68096K, used 63431K [0x000000076ab00000, 0x000000076f600000, 0x00000007c0000000)
  eden space 62464K, 97% used [0x000000076ab00000,0x000000076e671ea8,0x000000076e800000)
  from space 5632K, 45% used [0x000000076f080000,0x000000076f300020,0x000000076f600000)
  to   space 7168K, 0% used [0x000000076e800000,0x000000076e800000,0x000000076ef00000)
 ParOldGen       total 175104K, used 48K [0x00000006c0000000, 0x00000006cab00000, 0x000000076ab00000)
  object space 175104K, 0% used [0x00000006c0000000,0x00000006c000c000,0x00000006cab00000)
 Metaspace       used 12469K, capacity 12640K, committed 12672K, reserved 1060864K
  class space    used 1572K, capacity 1632K, committed 1664K, reserved 1048576K
Event: 10.515 GC heap after
Heap after GC invocations=7 (full 0):
 PSYoungGen      total 61952K, used 128K [0x000000076ab00000, 0x000000076f600000, 0x00000007c0000000)
  eden space 61440K, 0% used [0x000000076ab00000,0x000000076ab00000,0x000000076e700000)
  from space 512K, 25% used [0x000000076e800000,0x000000076e820000,0x000000076e880000)
  to   space 7680K, 0% used [0x000000076ee80000,0x000000076ee80000,0x000000076f600000)
 ParOldGen       total 175104K, used 2513K [0x00000006c0000000, 0x00000006cab00000, 0x000000076ab00000)
  object space 175104K, 1% used [0x00000006c0000000,0x00000006c0274700,0x00000006cab00000)
 Metaspace       used 12469K, capacity 12640K, committed 12672K, reserved 1060864K
  class space    used 1572K, capacity 1632K, committed 1664K, reserved 1048576K
}
Event: 11.426 GC heap before
{Heap before GC invocations=8 (full 0):
 PSYoungGen      total 61952K, used 60891K [0x000000076ab00000, 0x000000076f600000, 0x00000007c0000000)
  eden space 61440K, 98% used [0x000000076ab00000,0x000000076e656ec0,0x000000076e700000)
  from space 512K, 25% used [0x000000076e800000,0x000000076e820000,0x000000076e880000)
  to   space 7680K, 0% used [0x000000076ee80000,0x000000076ee80000,0x000000076f600000)
 ParOldGen       total 175104K, used 2513K [0x00000006c0000000, 0x00000006cab00000, 0x000000076ab00000)
  object space 175104K, 1% used [0x00000006c0000000,0x00000006c0274700,0x00000006cab00000)
 Metaspace       used 12481K, capacity 12704K, committed 12928K, reserved 1060864K
  class space    used 1572K, capacity 1632K, committed 1664K, reserved 1048576K
Event: 11.426 GC heap after
Heap after GC invocations=8 (full 0):
 PSYoungGen      total 67072K, used 96K [0x000000076ab00000, 0x000000076f500000, 0x00000007c0000000)
  eden space 60416K, 0% used [0x000000076ab00000,0x000000076ab00000,0x000000076e600000)
  from space 6656K, 1% used [0x000000076ee80000,0x000000076ee98000,0x000000076f500000)
  to   space 7680K, 0% used [0x000000076e600000,0x000000076e600000,0x000000076ed80000)
 ParOldGen       total 175104K, used 2521K [0x00000006c0000000, 0x00000006cab00000, 0x000000076ab00000)
  object space 175104K, 1% used [0x00000006c0000000,0x00000006c0276700,0x00000006cab00000)
 Metaspace       used 12481K, capacity 12704K, committed 12928K, reserved 1060864K
  class space    used 1572K, capacity 1632K, committed 1664K, reserved 1048576K
}
Event: 12.265 GC heap before
{Heap before GC invocations=9 (full 0):
 PSYoungGen      total 67072K, used 57975K [0x000000076ab00000, 0x000000076f500000, 0x00000007c0000000)
  eden space 60416K, 95% used [0x000000076ab00000,0x000000076e385fd8,0x000000076e600000)
  from space 6656K, 1% used [0x000000076ee80000,0x000000076ee98000,0x000000076f500000)
  to   space 7680K, 0% used [0x000000076e600000,0x000000076e600000,0x000000076ed80000)
 ParOldGen       total 175104K, used 2521K [0x00000006c0000000, 0x00000006cab00000, 0x000000076ab00000)
  object space 175104K, 1% used [0x00000006c0000000,0x00000006c0276700,0x00000006cab00000)
 Metaspace       used 12483K, capacity 12704K, committed 12928K, reserved 1060864K
  class space    used 1572K, capacity 1632K, committed 1664K, reserved 1048576K
Event: 12.265 GC heap after
Heap after GC invocations=9 (full 0):
 PSYoungGen      total 62464K, used 2828K [0x000000076ab00000, 0x000000076f300000, 0x00000007c0000000)
  eden space 59392K, 0% used [0x000000076ab00000,0x000000076ab00000,0x000000076e500000)
  from space 3072K, 92% used [0x000000076e600000,0x000000076e8c3048,0x000000076e900000)
  to   space 7168K, 0% used [0x000000076ec00000,0x000000076ec00000,0x000000076f300000)
 ParOldGen       total 175104K, used 2537K [0x00000006c0000000, 0x00000006cab00000, 0x000000076ab00000)
  object space 175104K, 1% used [0x00000006c0000000,0x00000006c027a700,0x00000006cab00000)
 Metaspace       used 12483K, capacity 12704K, committed 12928K, reserved 1060864K
  class space    used 1572K, capacity 1632K, committed 1664K, reserved 1048576K
}

