# JRE version: Java(TM) SE Runtime Environment (8.0_45-b14) (build 1.8.0_45-b14)
# Java VM: Java HotSpot(TM) 64-Bit Server VM (25.45-b02 mixed mode bsd-amd64 compressed oops)
Heap:
 PSYoungGen      total 55808K, used 45170K [0x000000076ab00000, 0x000000076ef00000, 0x00000007c0000000)
  eden space 55296K, 81% used [0x000000076ab00000,0x000000076d6fc8a0,0x000000076e100000)
  from space 512K, 25% used [0x000000076e200000,0x000000076e220000,0x000000076e280000)
  to   space 7168K, 0% used [0x000000076e800000,0x000000076e800000,0x000000076ef00000)
 ParOldGen       total 175104K, used 2626K [0x00000006c0000000, 0x00000006cab00000, 0x000000076ab00000)
  object space 175104K, 1% used [0x00000006c0000000,0x00000006c0290a38,0x00000006cab00000)
 Metaspace       used 12546K, capacity 12794K, committed 12928K, reserved 1060864K
  class space    used 1579K, capacity 1661K, committed 1664K, reserved 1048576K
GC Heap History (10 events):
Event: 12.139 GC heap before
{Heap before GC invocations=9 (full 0):
 PSYoungGen      total 65536K, used 60708K [0x000000076ab00000, 0x000000076f300000, 0x00000007c0000000)
  eden space 60416K, 95% used [0x000000076ab00000,0x000000076e386330,0x000000076e600000)
  from space 5120K, 55% used [0x000000076ee00000,0x000000076f0c3048,0x000000076f300000)
  to   space 6656K, 0% used [0x000000076e600000,0x000000076e600000,0x000000076ec80000)
 ParOldGen       total 175104K, used 2530K [0x00000006c0000000, 0x00000006cab00000, 0x000000076ab00000)
  object space 175104K, 1% used [0x00000006c0000000,0x00000006c0278a38,0x00000006cab00000)
 Metaspace       used 12456K, capacity 12634K, committed 12928K, reserved 1060864K
  class space    used 1571K, capacity 1629K, committed 1664K, reserved 1048576K
Event: 12.139 GC heap after
Heap after GC invocations=9 (full 0):
 PSYoungGen      total 59904K, used 128K [0x000000076ab00000, 0x000000076f300000, 0x00000007c0000000)
  eden space 59392K, 0% used [0x000000076ab00000,0x000000076ab00000,0x000000076e500000)
  from space 512K, 25% used [0x000000076e600000,0x000000076e620000,0x000000076e680000)
  to   space 7168K, 0% used [0x000000076ec00000,0x000000076ec00000,0x000000076f300000)
 ParOldGen       total 175104K, used 2554K [0x00000006c0000000, 0x00000006cab00000, 0x000000076ab00000)
  object space 175104K, 1% used [0x00000006c0000000,0x00000006c027ea38,0x00000006cab00000)
 Metaspace       used 12456K, capacity 12634K, committed 12928K, reserved 1060864K
  class space    used 1571K, capacity 1629K, committed 1664K, reserved 1048576K
}
Event: 12.971 GC heap before
{Heap before GC invocations=10 (full 0):
 PSYoungGen      total 59904K, used 58098K [0x000000076ab00000, 0x000000076f300000, 0x00000007c0000000)
  eden space 59392K, 97% used [0x000000076ab00000,0x000000076e39cab0,0x000000076e500000)
  from space 512K, 25% used [0x000000076e600000,0x000000076e620000,0x000000076e680000)
  to   space 7168K, 0% used [0x000000076ec00000,0x000000076ec00000,0x000000076f300000)
 ParOldGen       total 175104K, used 2554K [0x00000006c0000000, 0x00000006cab00000, 0x000000076ab00000)
  object space 175104K, 1% used [0x00000006c0000000,0x00000006c027ea38,0x00000006cab00000)
 Metaspace       used 12468K, capacity 12634K, committed 12928K, reserved 1060864K
  class space    used 1571K, capacity 1629K, committed 1664K, reserved 1048576K
Event: 12.972 GC heap after
Heap after GC invocations=10 (full 0):
 PSYoungGen      total 63488K, used 2860K [0x000000076ab00000, 0x000000076f100000, 0x00000007c0000000)
  eden space 58368K, 0% used [0x000000076ab00000,0x000000076ab00000,0x000000076e400000)
  from space 5120K, 55% used [0x000000076ec00000,0x000000076eecb048,0x000000076f100000)
  to   space 6656K, 0% used [0x000000076e400000,0x000000076e400000,0x000000076ea80000)
 ParOldGen       total 175104K, used 2578K [0x00000006c0000000, 0x00000006cab00000, 0x000000076ab00000)
  object space 175104K, 1% used [0x00000006c0000000,0x00000006c0284a38,0x00000006cab00000)
 Metaspace       used 12468K, capacity 12634K, committed 12928K, reserved 1060864K
  class space    used 1571K, capacity 1629K, committed 1664K, reserved 1048576K
}
Event: 13.885 GC heap before
{Heap before GC invocations=11 (full 0):
 PSYoungGen      total 63488K, used 60774K [0x000000076ab00000, 0x000000076f100000, 0x00000007c0000000)
  eden space 58368K, 99% used [0x000000076ab00000,0x000000076e38e8e0,0x000000076e400000)
  from space 5120K, 55% used [0x000000076ec00000,0x000000076eecb048,0x000000076f100000)
  to   space 6656K, 0% used [0x000000076e400000,0x000000076e400000,0x000000076ea80000)
 ParOldGen       total 175104K, used 2578K [0x00000006c0000000, 0x00000006cab00000, 0x000000076ab00000)
  object space 175104K, 1% used [0x00000006c0000000,0x00000006c0284a38,0x00000006cab00000)
 Metaspace       used 12471K, capacity 12634K, committed 12928K, reserved 1060864K
  class space    used 1571K, capacity 1629K, committed 1664K, reserved 1048576K
Event: 13.886 GC heap after
Heap after GC invocations=11 (full 0):
 PSYoungGen      total 57856K, used 160K [0x000000076ab00000, 0x000000076f100000, 0x00000007c0000000)
  eden space 57344K, 0% used [0x000000076ab00000,0x000000076ab00000,0x000000076e300000)
  from space 512K, 31% used [0x000000076e400000,0x000000076e428000,0x000000076e480000)
  to   space 7168K, 0% used [0x000000076ea00000,0x000000076ea00000,0x000000076f100000)
 ParOldGen       total 175104K, used 2602K [0x00000006c0000000, 0x00000006cab00000, 0x000000076ab00000)
  object space 175104K, 1% used [0x00000006c0000000,0x00000006c028aa38,0x00000006cab00000)
 Metaspace       used 12471K, capacity 12634K, committed 12928K, reserved 1060864K
  class space    used 1571K, capacity 1629K, committed 1664K, reserved 1048576K
}
Event: 14.727 GC heap before
{Heap before GC invocations=12 (full 0):
 PSYoungGen      total 57856K, used 55330K [0x000000076ab00000, 0x000000076f100000, 0x00000007c0000000)
  eden space 57344K, 96% used [0x000000076ab00000,0x000000076e0e0bf0,0x000000076e300000)
  from space 512K, 31% used [0x000000076e400000,0x000000076e428000,0x000000076e480000)
  to   space 7168K, 0% used [0x000000076ea00000,0x000000076ea00000,0x000000076f100000)
 ParOldGen       total 175104K, used 2602K [0x00000006c0000000, 0x00000006cab00000, 0x000000076ab00000)
  object space 175104K, 1% used [0x00000006c0000000,0x00000006c028aa38,0x00000006cab00000)
 Metaspace       used 12481K, capacity 12698K, committed 12928K, reserved 1060864K
  class space    used 1571K, capacity 1629K, committed 1664K, reserved 1048576K
Event: 14.728 GC heap after
Heap after GC invocations=12 (full 0):
 PSYoungGen      total 62464K, used 128K [0x000000076ab00000, 0x000000076f000000, 0x00000007c0000000)
  eden space 56320K, 0% used [0x000000076ab00000,0x000000076ab00000,0x000000076e200000)
  from space 6144K, 2% used [0x000000076ea00000,0x000000076ea20000,0x000000076f000000)
  to   space 7168K, 0% used [0x000000076e200000,0x000000076e200000,0x000000076e900000)
 ParOldGen       total 175104K, used 2610K [0x00000006c0000000, 0x00000006cab00000, 0x000000076ab00000)
  object space 175104K, 1% used [0x00000006c0000000,0x00000006c028ca38,0x00000006cab00000)
 Metaspace       used 12481K, capacity 12698K, committed 12928K, reserved 1060864K
  class space    used 1571K, capacity 1629K, committed 1664K, reserved 1048576K
}
Event: 15.561 GC heap before
{Heap before GC invocations=13 (full 0):
 PSYoungGen      total 62464K, used 56386K [0x000000076ab00000, 0x000000076f000000, 0x00000007c0000000)
  eden space 56320K, 99% used [0x000000076ab00000,0x000000076e1f0830,0x000000076e200000)
  from space 6144K, 2% used [0x000000076ea00000,0x000000076ea20000,0x000000076f000000)
  to   space 7168K, 0% used [0x000000076e200000,0x000000076e200000,0x000000076e900000)
 ParOldGen       total 175104K, used 2610K [0x00000006c0000000, 0x00000006cab00000, 0x000000076ab00000)
  object space 175104K, 1% used [0x00000006c0000000,0x00000006c028ca38,0x00000006cab00000)
 Metaspace       used 12495K, capacity 12698K, committed 12928K, reserved 1060864K
  class space    used 1571K, capacity 1629K, committed 1664K, reserved 1048576K
Event: 15.562 GC heap after
Heap after GC invocations=13 (full 0):
 PSYoungGen      total 55808K, used 128K [0x000000076ab00000, 0x000000076ef00000, 0x00000007c0000000)
  eden space 55296K, 0% used [0x000000076ab00000,0x000000076ab00000,0x000000076e100000)
  from space 512K, 25% used [0x000000076e200000,0x000000076e220000,0x000000076e280000)
  to   space 7168K, 0% used [0x000000076e800000,0x000000076e800000,0x000000076ef00000)
 ParOldGen       total 175104K, used 2626K [0x00000006c0000000, 0x00000006cab00000, 0x000000076ab00000)
  object space 175104K, 1% used [0x00000006c0000000,0x00000006c0290a38,0x00000006cab00000)
 Metaspace       used 12495K, capacity 12698K, committed 12928K, reserved 1060864K
  class space    used 1571K, capacity 1629K, committed 1664K, reserved 1048576K
}

