# JRE version: Java(TM) SE Runtime Environment (8.0_45-b14) (build 1.8.0_45-b14)
# Java VM: Java HotSpot(TM) 64-Bit Server VM (25.45-b02 mixed mode bsd-amd64 compressed oops)
Heap:
 PSYoungGen      total 60416K, used 44810K [0x000000076ab00000, 0x000000076f000000, 0x00000007c0000000)
  eden space 57344K, 73% used [0x000000076ab00000,0x000000076d3ffb70,0x000000076e300000)
  from space 3072K, 92% used [0x000000076e400000,0x000000076e6c3048,0x000000076e700000)
  to   space 6656K, 0% used [0x000000076e980000,0x000000076e980000,0x000000076f000000)
 ParOldGen       total 175104K, used 2602K [0x00000006c0000000, 0x00000006cab00000, 0x000000076ab00000)
  object space 175104K, 1% used [0x00000006c0000000,0x00000006c028aa18,0x00000006cab00000)
 Metaspace       used 12613K, capacity 12802K, committed 13056K, reserved 1060864K
  class space    used 1581K, capacity 1665K, committed 1792K, reserved 1048576K
GC Heap History (10 events):
Event: 10.547 GC heap before
{Heap before GC invocations=7 (full 0):
 PSYoungGen      total 68096K, used 63367K [0x000000076ab00000, 0x000000076f600000, 0x00000007c0000000)
  eden space 62464K, 97% used [0x000000076ab00000,0x000000076e671ea8,0x000000076e800000)
  from space 5632K, 44% used [0x000000076f080000,0x000000076f2f0020,0x000000076f600000)
  to   space 7168K, 0% used [0x000000076e800000,0x000000076e800000,0x000000076ef00000)
 ParOldGen       total 175104K, used 40K [0x00000006c0000000, 0x00000006cab00000, 0x000000076ab00000)
  object space 175104K, 0% used [0x00000006c0000000,0x00000006c000a000,0x00000006cab00000)
 Metaspace       used 12466K, capacity 12642K, committed 12928K, reserved 1060864K
  class space    used 1573K, capacity 1633K, committed 1664K, reserved 1048576K
Event: 10.550 GC heap after
Heap after GC invocations=7 (full 0):
 PSYoungGen      total 61952K, used 160K [0x000000076ab00000, 0x000000076f600000, 0x00000007c0000000)
  eden space 61440K, 0% used [0x000000076ab00000,0x000000076ab00000,0x000000076e700000)
  from space 512K, 31% used [0x000000076e800000,0x000000076e828000,0x000000076e880000)
  to   space 7680K, 0% used [0x000000076ee80000,0x000000076ee80000,0x000000076f600000)
 ParOldGen       total 175104K, used 2514K [0x00000006c0000000, 0x00000006cab00000, 0x000000076ab00000)
  object space 175104K, 1% used [0x00000006c0000000,0x00000006c0274a18,0x00000006cab00000)
 Metaspace       used 12466K, capacity 12642K, committed 12928K, reserved 1060864K
  class space    used 1573K, capacity 1633K, committed 1664K, reserved 1048576K
}
Event: 11.382 GC heap before
{Heap before GC invocations=8 (full 0):
 PSYoungGen      total 61952K, used 59478K [0x000000076ab00000, 0x000000076f600000, 0x00000007c0000000)
  eden space 61440K, 96% used [0x000000076ab00000,0x000000076e4ed8b0,0x000000076e700000)
  from space 512K, 31% used [0x000000076e800000,0x000000076e828000,0x000000076e880000)
  to   space 7680K, 0% used [0x000000076ee80000,0x000000076ee80000,0x000000076f600000)
 ParOldGen       total 175104K, used 2514K [0x00000006c0000000, 0x00000006cab00000, 0x000000076ab00000)
  object space 175104K, 1% used [0x00000006c0000000,0x00000006c0274a18,0x00000006cab00000)
 Metaspace       used 12486K, capacity 12706K, committed 12928K, reserved 1060864K
  class space    used 1573K, capacity 1633K, committed 1664K, reserved 1048576K
Event: 11.383 GC heap after
Heap after GC invocations=8 (full 0):
 PSYoungGen      total 66048K, used 2860K [0x000000076ab00000, 0x000000076f400000, 0x00000007c0000000)
  eden space 60416K, 0% used [0x000000076ab00000,0x000000076ab00000,0x000000076e600000)
  from space 5632K, 50% used [0x000000076ee80000,0x000000076f14b048,0x000000076f400000)
  to   space 7168K, 0% used [0x000000076e600000,0x000000076e600000,0x000000076ed00000)
 ParOldGen       total 175104K, used 2522K [0x00000006c0000000, 0x00000006cab00000, 0x000000076ab00000)
  object space 175104K, 1% used [0x00000006c0000000,0x00000006c0276a18,0x00000006cab00000)
 Metaspace       used 12486K, capacity 12706K, committed 12928K, reserved 1060864K
  class space    used 1573K, capacity 1633K, committed 1664K, reserved 1048576K
}
Event: 12.298 GC heap before
{Heap before GC invocations=9 (full 0):
 PSYoungGen      total 66048K, used 60731K [0x000000076ab00000, 0x000000076f400000, 0x00000007c0000000)
  eden space 60416K, 95% used [0x000000076ab00000,0x000000076e383bc8,0x000000076e600000)
  from space 5632K, 50% used [0x000000076ee80000,0x000000076f14b048,0x000000076f400000)
  to   space 7168K, 0% used [0x000000076e600000,0x000000076e600000,0x000000076ed00000)
 ParOldGen       total 175104K, used 2522K [0x00000006c0000000, 0x00000006cab00000, 0x000000076ab00000)
  object space 175104K, 1% used [0x00000006c0000000,0x00000006c0276a18,0x00000006cab00000)
 Metaspace       used 12486K, capacity 12706K, committed 12928K, reserved 1060864K
  class space    used 1573K, capacity 1633K, committed 1664K, reserved 1048576K
Event: 12.298 GC heap after
Heap after GC invocations=9 (full 0):
 PSYoungGen      total 59904K, used 160K [0x000000076ab00000, 0x000000076f400000, 0x00000007c0000000)
  eden space 59392K, 0% used [0x000000076ab00000,0x000000076ab00000,0x000000076e500000)
  from space 512K, 31% used [0x000000076e600000,0x000000076e628000,0x000000076e680000)
  to   space 7680K, 0% used [0x000000076ec80000,0x000000076ec80000,0x000000076f400000)
 ParOldGen       total 175104K, used 2546K [0x00000006c0000000, 0x00000006cab00000, 0x000000076ab00000)
  object space 175104K, 1% used [0x00000006c0000000,0x00000006c027ca18,0x00000006cab00000)
 Metaspace       used 12486K, capacity 12706K, committed 12928K, reserved 1060864K
  class space    used 1573K, capacity 1633K, committed 1664K, reserved 1048576K
}
Event: 13.135 GC heap before
{Heap before GC invocations=10 (full 0):
 PSYoungGen      total 59904K, used 58912K [0x000000076ab00000, 0x000000076f400000, 0x00000007c0000000)
  eden space 59392K, 98% used [0x000000076ab00000,0x000000076e460288,0x000000076e500000)
  from space 512K, 31% used [0x000000076e600000,0x000000076e628000,0x000000076e680000)
  to   space 7680K, 0% used [0x000000076ec80000,0x000000076ec80000,0x000000076f400000)
 ParOldGen       total 175104K, used 2546K [0x00000006c0000000, 0x00000006cab00000, 0x000000076ab00000)
  object space 175104K, 1% used [0x00000006c0000000,0x00000006c027ca18,0x00000006cab00000)
 Metaspace       used 12508K, capacity 12706K, committed 12928K, reserved 1060864K
  class space    used 1573K, capacity 1633K, committed 1664K, reserved 1048576K
Event: 13.136 GC heap after
Heap after GC invocations=10 (full 0):
 PSYoungGen      total 64000K, used 2860K [0x000000076ab00000, 0x000000076f200000, 0x00000007c0000000)
  eden space 58368K, 0% used [0x000000076ab00000,0x000000076ab00000,0x000000076e400000)
  from space 5632K, 50% used [0x000000076ec80000,0x000000076ef4b048,0x000000076f200000)
  to   space 7168K, 0% used [0x000000076e400000,0x000000076e400000,0x000000076eb00000)
 ParOldGen       total 175104K, used 2578K [0x00000006c0000000, 0x00000006cab00000, 0x000000076ab00000)
  object space 175104K, 1% used [0x00000006c0000000,0x00000006c0284a18,0x00000006cab00000)
 Metaspace       used 12508K, capacity 12706K, committed 12928K, reserved 1060864K
  class space    used 1573K, capacity 1633K, committed 1664K, reserved 1048576K
}
Event: 13.991 GC heap before
{Heap before GC invocations=11 (full 0):
 PSYoungGen      total 64000K, used 58568K [0x000000076ab00000, 0x000000076f200000, 0x00000007c0000000)
  eden space 58368K, 95% used [0x000000076ab00000,0x000000076e1671a0,0x000000076e400000)
  from space 5632K, 50% used [0x000000076ec80000,0x000000076ef4b048,0x000000076f200000)
  to   space 7168K, 0% used [0x000000076e400000,0x000000076e400000,0x000000076eb00000)
 ParOldGen       total 175104K, used 2578K [0x00000006c0000000, 0x00000006cab00000, 0x000000076ab00000)
  object space 175104K, 1% used [0x00000006c0000000,0x00000006c0284a18,0x00000006cab00000)
 Metaspace       used 12543K, capacity 12770K, committed 12928K, reserved 1060864K
  class space    used 1573K, capacity 1633K, committed 1664K, reserved 1048576K
Event: 14.002 GC heap after
Heap after GC invocations=11 (full 0):
 PSYoungGen      total 60416K, used 2828K [0x000000076ab00000, 0x000000076f000000, 0x00000007c0000000)
  eden space 57344K, 0% used [0x000000076ab00000,0x000000076ab00000,0x000000076e300000)
  from space 3072K, 92% used [0x000000076e400000,0x000000076e6c3048,0x000000076e700000)
  to   space 6656K, 0% used [0x000000076e980000,0x000000076e980000,0x000000076f000000)
 ParOldGen       total 175104K, used 2602K [0x00000006c0000000, 0x00000006cab00000, 0x000000076ab00000)
  object space 175104K, 1% used [0x00000006c0000000,0x00000006c028aa18,0x00000006cab00000)
 Metaspace       used 12543K, capacity 12770K, committed 12928K, reserved 1060864K
  class space    used 1573K, capacity 1633K, committed 1664K, reserved 1048576K
}

